2025-11-01 14:04:34.617 - Info	
Packing D:\Dynamics 365\DSG\Speech to Text PCF Control\solution\obj\Debug\Metadata to bin\Debug\solution.zip

2025-11-01 14:04:34.634 - Info	Processing Component: Entities
2025-11-01 14:04:34.637 - Info	Processing Component: Roles
2025-11-01 14:04:34.641 - Info	Processing Component: Workflows
2025-11-01 14:04:34.641 - Info	Processing Component: FieldSecurityProfiles
2025-11-01 14:04:34.641 - Info	Processing Component: Templates
2025-11-01 14:04:34.642 - Info	Processing Component: EntityMaps
2025-11-01 14:04:34.643 - Info	Processing Component: EntityRelationships
2025-11-01 14:04:34.645 - Info	Processing Component: OrganizationSettings
2025-11-01 14:04:34.647 - Info	Processing Component: optionsets
2025-11-01 14:04:34.648 - Info	Processing Component: CustomControls
2025-11-01 14:04:34.653 - Info	 - SpeechToText.SpeechToTextControl
2025-11-01 14:04:34.657 - Info	Processing Component: SolutionPluginAssemblies
2025-11-01 14:04:34.659 - Info	Processing Component: EntityDataProviders
2025-11-01 14:04:34.667 - Info	Processing Sharded Component Files
2025-11-01 14:04:34.723 - Info	
Unmanaged Pack complete.

2025-11-01 17:45:15.955 - Info	
Packing D:\Dynamics 365\DSG\Speech to Text PCF Control\solution\obj\Debug\Metadata to bin\Debug\solution.zip

2025-11-01 17:45:15.971 - Info	Processing Component: Entities
2025-11-01 17:45:15.971 - Info	Processing Component: Roles
2025-11-01 17:45:15.971 - Info	Processing Component: Workflows
2025-11-01 17:45:15.971 - Info	Processing Component: FieldSecurityProfiles
2025-11-01 17:45:15.971 - Info	Processing Component: Templates
2025-11-01 17:45:15.971 - Info	Processing Component: EntityMaps
2025-11-01 17:45:15.971 - Info	Processing Component: EntityRelationships
2025-11-01 17:45:15.971 - Info	Processing Component: OrganizationSettings
2025-11-01 17:45:15.971 - Info	Processing Component: optionsets
2025-11-01 17:45:15.971 - Info	Processing Component: CustomControls
2025-11-01 17:45:15.987 - Info	 - SpeechToText.SpeechToTextControl
2025-11-01 17:45:15.990 - Info	Processing Component: SolutionPluginAssemblies
2025-11-01 17:45:15.991 - Info	Processing Component: EntityDataProviders
2025-11-01 17:45:15.996 - Info	Processing Sharded Component Files
2025-11-01 17:45:16.054 - Info	
Unmanaged Pack complete.

2025-11-01 20:30:53.847 - Info	
Packing D:\Dynamics 365\DSG\Speech to Text PCF Control\solution\obj\Debug\Metadata to bin\Debug\solution.zip

2025-11-01 20:30:53.860 - Info	Processing Component: Entities
2025-11-01 20:30:53.862 - Info	Processing Component: Roles
2025-11-01 20:30:53.865 - Info	Processing Component: Workflows
2025-11-01 20:30:53.866 - Info	Processing Component: FieldSecurityProfiles
2025-11-01 20:30:53.867 - Info	Processing Component: Templates
2025-11-01 20:30:53.867 - Info	Processing Component: EntityMaps
2025-11-01 20:30:53.867 - Info	Processing Component: EntityRelationships
2025-11-01 20:30:53.870 - Info	Processing Component: OrganizationSettings
2025-11-01 20:30:53.870 - Info	Processing Component: optionsets
2025-11-01 20:30:53.870 - Info	Processing Component: CustomControls
2025-11-01 20:30:53.875 - Info	 - SpeechToText.SpeechToTextControl
2025-11-01 20:30:53.879 - Info	Processing Component: SolutionPluginAssemblies
2025-11-01 20:30:53.880 - Info	Processing Component: EntityDataProviders
2025-11-01 20:30:53.885 - Info	Processing Sharded Component Files
2025-11-01 20:30:54.001 - Info	
Unmanaged Pack complete.

2025-11-04 22:22:54.016 - Info	
Packing D:\Dynamics 365\DSG\Speech to Text PCF Control\solution\obj\Debug\Metadata to bin\Debug\solution.zip

2025-11-04 22:22:54.026 - Info	Processing Component: Entities
2025-11-04 22:22:54.031 - Info	Processing Component: Roles
2025-11-04 22:22:54.031 - Info	Processing Component: Workflows
2025-11-04 22:22:54.031 - Info	Processing Component: FieldSecurityProfiles
2025-11-04 22:22:54.031 - Info	Processing Component: Templates
2025-11-04 22:22:54.036 - Info	Processing Component: EntityMaps
2025-11-04 22:22:54.036 - Info	Processing Component: EntityRelationships
2025-11-04 22:22:54.039 - Info	Processing Component: OrganizationSettings
2025-11-04 22:22:54.039 - Info	Processing Component: optionsets
2025-11-04 22:22:54.040 - Info	Processing Component: CustomControls
2025-11-04 22:22:54.043 - Info	 - SpeechToText.SpeechToTextControl
2025-11-04 22:22:54.047 - Info	Processing Component: SolutionPluginAssemblies
2025-11-04 22:22:54.049 - Info	Processing Component: EntityDataProviders
2025-11-04 22:22:54.049 - Info	Processing Sharded Component Files
2025-11-04 22:22:54.201 - Info	
Unmanaged Pack complete.

2025-11-04 22:51:50.578 - Info	
Packing D:\Dynamics 365\DSG\Speech to Text PCF Control\solution\obj\Debug\Metadata to bin\Debug\solution.zip

2025-11-04 22:51:50.601 - Info	Processing Component: Entities
2025-11-04 22:51:50.604 - Info	Processing Component: Roles
2025-11-04 22:51:50.608 - Info	Processing Component: Workflows
2025-11-04 22:51:50.608 - Info	Processing Component: FieldSecurityProfiles
2025-11-04 22:51:50.608 - Info	Processing Component: Templates
2025-11-04 22:51:50.608 - Info	Processing Component: EntityMaps
2025-11-04 22:51:50.608 - Info	Processing Component: EntityRelationships
2025-11-04 22:51:50.608 - Info	Processing Component: OrganizationSettings
2025-11-04 22:51:50.618 - Info	Processing Component: optionsets
2025-11-04 22:51:50.618 - Info	Processing Component: CustomControls
2025-11-04 22:51:50.625 - Info	 - SpeechToText.SpeechToTextControl
2025-11-04 22:51:50.632 - Info	Processing Component: SolutionPluginAssemblies
2025-11-04 22:51:50.634 - Info	Processing Component: EntityDataProviders
2025-11-04 22:51:50.636 - Info	Processing Sharded Component Files
2025-11-04 22:51:50.703 - Info	
Unmanaged Pack complete.

2025-11-05 09:25:23.258 - Info	
Packing D:\Dynamics 365\DSG\Speech to Text PCF Control\SpeechToTextSolution\obj\Debug\Metadata to bin\Debug\solution.zip

2025-11-05 09:25:23.263 - Info	Processing Component: Entities
2025-11-05 09:25:23.276 - Info	Processing Component: Roles
2025-11-05 09:25:23.278 - Info	Processing Component: Workflows
2025-11-05 09:25:23.278 - Info	Processing Component: FieldSecurityProfiles
2025-11-05 09:25:23.278 - Info	Processing Component: Templates
2025-11-05 09:25:23.282 - Info	Processing Component: EntityMaps
2025-11-05 09:25:23.282 - Info	Processing Component: EntityRelationships
2025-11-05 09:25:23.285 - Info	Processing Component: OrganizationSettings
2025-11-05 09:25:23.285 - Info	Processing Component: optionsets
2025-11-05 09:25:23.285 - Info	Processing Component: CustomControls
2025-11-05 09:25:23.290 - Info	 - SpeechToText.SpeechToTextControl
2025-11-05 09:25:23.295 - Info	Processing Component: SolutionPluginAssemblies
2025-11-05 09:25:23.300 - Info	Processing Component: EntityDataProviders
2025-11-05 09:25:23.309 - Info	Processing Sharded Component Files
2025-11-05 09:25:23.447 - Info	
Unmanaged Pack complete.

